<?xml version="1.0" encoding="UTF-8"?>
<testng-results skipped="0" failed="0" total="1" passed="1">
  <reporter-output>
  </reporter-output>
  <suite name="Default suite" duration-ms="115098" started-at="2020-09-17T07:18:47Z" finished-at="2020-09-17T07:20:42Z">
    <groups>
    </groups>
    <test name="Default test" duration-ms="115098" started-at="2020-09-17T07:18:47Z" finished-at="2020-09-17T07:20:42Z">
      <class name="com.inetBanking.testCase.TC_IRCTCtest">
        <test-method status="PASS" signature="IrctcHomePage()[pri:0, instance:com.inetBanking.testCase.TC_IRCTCtest@56cbfb61]" name="IrctcHomePage" duration-ms="115012" started-at="2020-09-17T12:48:47Z" finished-at="2020-09-17T12:50:42Z">
          <reporter-output>
          </reporter-output>
        </test-method> <!-- IrctcHomePage -->
      </class> <!-- com.inetBanking.testCase.TC_IRCTCtest -->
    </test> <!-- Default test -->
  </suite> <!-- Default suite -->
</testng-results>
